<?xml version="1.0" encoding="UTF-8"?>
<!-- Generated by org.testng.reporters.JUnitReportReporter -->
<testsuite hostname="AhmetToprak" failures="0" tests="2" name="AppiumTests.FirstTest" time="41.434" errors="0" timestamp="2020-08-16T14:38:30 EEST" skipped="0">
  <testcase classname="AppiumTests.FirstTest" name="test" time="19.625"/>
  <system-out/>
  <testcase classname="AppiumTests.FirstTest" name="wifiSettings" time="21.809"/>
  <system-out/>
</testsuite> <!-- AppiumTests.FirstTest -->
